0 info it worked if it ends with ok
1 verbose cli [ '/home/desoares/.nvm/versions/node/v4.4.1/bin/node',
1 verbose cli   '/home/desoares/.nvm/versions/node/v4.4.1/bin/npm',
1 verbose cli   'publish' ]
2 info using npm@2.14.20
3 info using node@v4.4.1
4 verbose publish [ '.' ]
5 silly cache add args [ '.', null ]
6 verbose cache add spec .
7 silly cache add parsed spec Result {
7 silly cache add   raw: '.',
7 silly cache add   scope: null,
7 silly cache add   name: null,
7 silly cache add   rawSpec: '.',
7 silly cache add   spec: '/home/desoares/projetos/auto-api',
7 silly cache add   type: 'directory' }
8 verbose addLocalDirectory /home/desoares/.npm/lazy-api/1.0.0/package.tgz not in flight; packing
9 verbose correctMkdir /home/desoares/.npm correctMkdir not in flight; initializing
10 verbose tar pack [ '/home/desoares/.npm/lazy-api/1.0.0/package.tgz',
10 verbose tar pack   '/home/desoares/projetos/auto-api' ]
11 verbose tarball /home/desoares/.npm/lazy-api/1.0.0/package.tgz
12 verbose folder /home/desoares/projetos/auto-api
13 info prepublish lazy-api@1.0.0
14 verbose addLocalTarball adding from inside cache /home/desoares/.npm/lazy-api/1.0.0/package.tgz
15 verbose correctMkdir /home/desoares/.npm correctMkdir not in flight; initializing
16 silly cache afterAdd lazy-api@1.0.0
17 verbose afterAdd /home/desoares/.npm/lazy-api/1.0.0/package/package.json not in flight; writing
18 verbose correctMkdir /home/desoares/.npm correctMkdir not in flight; initializing
19 verbose afterAdd /home/desoares/.npm/lazy-api/1.0.0/package/package.json written
20 silly publish { name: 'lazy-api',
20 silly publish   version: '1.0.0',
20 silly publish   description: 'Small REST API for programming practice or learning',
20 silly publish   main: 'index.js',
20 silly publish   scripts:
20 silly publish    { start: ' jshint  ./; ./node_modules/.bin/nodemon app.js;',
20 silly publish      test: 'echo \'lazy-api test mode...\'; jshint ./; ./node_modules/.bin/nodemon --exec mocha --ignore db-sim/data/' },
20 silly publish   keywords: [ 'node.js', 'small', 'api' ],
20 silly publish   author: { name: 'desoares1975' },
20 silly publish   license: 'MIT',
20 silly publish   devDependencies:
20 silly publish    { chai: '^3.5.0',
20 silly publish      jshint: '^2.9.1',
20 silly publish      mocha: '^2.4.5',
20 silly publish      'mock-response': '^3.2.2',
20 silly publish      'node-mocks-http': '^1.5.2',
20 silly publish      nodemon: '^1.9.1',
20 silly publish      supertest: '^1.2.0' },
20 silly publish   dependencies: { 'body-parser': '^1.15.0' },
20 silly publish   readme: '# lazy-api\nSmall REST API with db simulation for practice purpose\n\nThe genaral idea is to use GET, POST, PUT and DELETE HTTP verbs to access a non secure route to studia frontend tecnologies abstracting the backend.\nIf you post on any route it will create the routo and store the data automatically.\n\n# Notice\n\nNot yeat complete\n\n# Usage\n\nNot yeat complete\n',
20 silly publish   readmeFilename: 'README.md',
20 silly publish   gitHead: 'd8e3f7db70aa48002ee797f9a79d4ea345633fc9',
20 silly publish   _id: 'lazy-api@1.0.0',
20 silly publish   _shasum: '2e6bee2933f8e542ef6b39da58886bf3c41b5fea',
20 silly publish   _from: '.' }
21 verbose getPublishConfig undefined
22 silly mapToRegistry name lazy-api
23 silly mapToRegistry using default registry
24 silly mapToRegistry registry https://registry.npmjs.org/
25 silly mapToRegistry uri https://registry.npmjs.org/lazy-api
26 verbose publish registryBase https://registry.npmjs.org/
27 silly publish uploading /home/desoares/.npm/lazy-api/1.0.0/package.tgz
28 verbose request uri https://registry.npmjs.org/lazy-api
29 verbose request sending authorization for write operation
30 info attempt registry request try #1 at 15:50:39
31 verbose request using bearer token for auth
32 verbose request id 7767f6337647fff0
33 http request PUT https://registry.npmjs.org/lazy-api
34 http 403 https://registry.npmjs.org/lazy-api
35 verbose headers { 'content-type': 'application/json',
35 verbose headers   'cache-control': 'max-age=300',
35 verbose headers   'content-length': '102',
35 verbose headers   'accept-ranges': 'bytes',
35 verbose headers   date: 'Thu, 07 Apr 2016 18:50:40 GMT',
35 verbose headers   via: '1.1 varnish',
35 verbose headers   connection: 'keep-alive',
35 verbose headers   'x-served-by': 'cache-jfk1032-JFK',
35 verbose headers   'x-cache': 'MISS',
35 verbose headers   'x-cache-hits': '0',
35 verbose headers   'x-timer': 'S1460055039.983890,VS0,VE352',
35 verbose headers   vary: 'Accept-Encoding' }
36 verbose request invalidating /home/desoares/.npm/registry.npmjs.org/lazy-api on PUT
37 error publish Failed PUT 403
38 verbose stack Error: you do not have permission to publish "lazy-api". Are you logged in as the correct user? : lazy-api
38 verbose stack     at makeError (/home/desoares/.nvm/versions/node/v4.4.1/lib/node_modules/npm/node_modules/npm-registry-client/lib/request.js:264:12)
38 verbose stack     at CachingRegistryClient.<anonymous> (/home/desoares/.nvm/versions/node/v4.4.1/lib/node_modules/npm/node_modules/npm-registry-client/lib/request.js:252:14)
38 verbose stack     at Request._callback (/home/desoares/.nvm/versions/node/v4.4.1/lib/node_modules/npm/node_modules/npm-registry-client/lib/request.js:172:14)
38 verbose stack     at Request.self.callback (/home/desoares/.nvm/versions/node/v4.4.1/lib/node_modules/npm/node_modules/request/request.js:199:22)
38 verbose stack     at emitTwo (events.js:87:13)
38 verbose stack     at Request.emit (events.js:172:7)
38 verbose stack     at Request.<anonymous> (/home/desoares/.nvm/versions/node/v4.4.1/lib/node_modules/npm/node_modules/request/request.js:1036:10)
38 verbose stack     at emitOne (events.js:82:20)
38 verbose stack     at Request.emit (events.js:169:7)
38 verbose stack     at IncomingMessage.<anonymous> (/home/desoares/.nvm/versions/node/v4.4.1/lib/node_modules/npm/node_modules/request/request.js:963:12)
39 verbose statusCode 403
40 verbose pkgid lazy-api
41 verbose cwd /home/desoares/projetos/auto-api
42 error Linux 4.2.0-35-generic
43 error argv "/home/desoares/.nvm/versions/node/v4.4.1/bin/node" "/home/desoares/.nvm/versions/node/v4.4.1/bin/npm" "publish"
44 error node v4.4.1
45 error npm  v2.14.20
46 error code E403
47 error you do not have permission to publish "lazy-api". Are you logged in as the correct user? : lazy-api
48 error If you need help, you may report this error at:
48 error     <https://github.com/npm/npm/issues>
49 verbose exit [ 1, true ]
